	.text
	.def	@feat.00;
	.scl	3;
	.type	0;
	.endef
	.globl	@feat.00
.set @feat.00, 1
	.intel_syntax noprefix
	.file	"print.c"
	.def	_print;
	.scl	2;
	.type	32;
	.endef
	.globl	_print                          # -- Begin function print
	.p2align	4, 0x90
_print:                                 # @print
# %bb.0:
	push	ebp
	mov	ebp, esp
	push	eax
	lea	eax, [L_.str]
	mov	dword ptr [esp], eax
	call	_puts
	add	esp, 4
	pop	ebp
	ret
                                        # -- End function
	.section	.rdata,"dr"
L_.str:                                 # @.str
	.asciz	"i am printing\n"

	.addrsig
	.addrsig_sym _puts
